<?xml version="1.0" encoding="UTF-8"?>
<robot generator="Robot 6.0.1 (Python 3.9.13 on win32)" generated="20221222 21:30:56.831" rpa="false" schemaversion="3">
<suite id="s1" name="Crm" source="C:\development\robots-scripts\crm\tests\crm.robot">
<test id="s1-t1" name="Should be able to add new customer" line="9">
<kw name="Set Selenium Speed" library="SeleniumLibrary">
<arg>.2s</arg>
<doc>Sets the delay that is waited after each Selenium command.</doc>
<status status="PASS" starttime="20221222 21:30:57.385" endtime="20221222 21:30:57.386"/>
</kw>
<kw name="Set Selenium Timeout" library="SeleniumLibrary">
<arg>10s</arg>
<doc>Sets the timeout that is used by various keywords.</doc>
<status status="PASS" starttime="20221222 21:30:57.386" endtime="20221222 21:30:57.386"/>
</kw>
<kw name="Log" library="BuiltIn">
<arg>Starting the test case</arg>
<doc>Logs the given message with the given level.</doc>
<msg timestamp="20221222 21:30:57.387" level="INFO">Starting the test case</msg>
<status status="PASS" starttime="20221222 21:30:57.387" endtime="20221222 21:30:57.387"/>
</kw>
<kw name="Open Browser" library="SeleniumLibrary">
<arg>https://automationplayground.com/crm/</arg>
<arg>edge</arg>
<doc>Opens a new browser instance to the optional ``url``.</doc>
<msg timestamp="20221222 21:30:57.389" level="INFO">Opening browser 'edge' to base url 'https://automationplayground.com/crm/'.</msg>
<status status="PASS" starttime="20221222 21:30:57.388" endtime="20221222 21:31:00.833"/>
</kw>
<kw name="Set Window Size" library="SeleniumLibrary">
<arg>width=1935</arg>
<arg>height=1098</arg>
<doc>Sets current windows size to given ``width`` and ``height``.</doc>
<status status="PASS" starttime="20221222 21:31:00.834" endtime="20221222 21:31:01.193"/>
</kw>
<kw name="Wait Until Page Contains" library="SeleniumLibrary">
<arg>Customers Are Priority One</arg>
<doc>Waits until ``text`` appears on the current page.</doc>
<status status="PASS" starttime="20221222 21:31:01.194" endtime="20221222 21:31:01.445"/>
</kw>
<kw name="Click Link" library="SeleniumLibrary">
<arg>Sign In</arg>
<doc>Clicks a link identified by ``locator``.</doc>
<msg timestamp="20221222 21:31:01.447" level="INFO">Clicking link 'Sign In'.</msg>
<status status="PASS" starttime="20221222 21:31:01.446" endtime="20221222 21:31:02.370"/>
</kw>
<kw name="Wait Until Page Contains" library="SeleniumLibrary">
<arg>Login</arg>
<doc>Waits until ``text`` appears on the current page.</doc>
<status status="PASS" starttime="20221222 21:31:02.371" endtime="20221222 21:31:02.605"/>
</kw>
<kw name="Input Text" library="SeleniumLibrary">
<arg>id=email-id</arg>
<arg>admin@robotframeowkrtutorial.com</arg>
<doc>Types the given ``text`` into the text field identified by ``locator``.</doc>
<msg timestamp="20221222 21:31:02.608" level="INFO">Typing text 'admin@robotframeowkrtutorial.com' into text field 'id=email-id'.</msg>
<status status="PASS" starttime="20221222 21:31:02.607" endtime="20221222 21:31:03.487"/>
</kw>
<kw name="Input Text" library="SeleniumLibrary">
<arg>id=password</arg>
<arg>anypassword</arg>
<doc>Types the given ``text`` into the text field identified by ``locator``.</doc>
<msg timestamp="20221222 21:31:03.489" level="INFO">Typing text 'anypassword' into text field 'id=password'.</msg>
<status status="PASS" starttime="20221222 21:31:03.488" endtime="20221222 21:31:04.292"/>
</kw>
<kw name="Click Button" library="SeleniumLibrary">
<arg>id=submit-id</arg>
<doc>Clicks the button identified by ``locator``.</doc>
<msg timestamp="20221222 21:31:04.294" level="INFO">Clicking button 'id=submit-id'.</msg>
<status status="PASS" starttime="20221222 21:31:04.293" endtime="20221222 21:31:05.773"/>
</kw>
<kw name="Wait Until Page Contains" library="SeleniumLibrary">
<arg>Our Happy Customers</arg>
<doc>Waits until ``text`` appears on the current page.</doc>
<status status="PASS" starttime="20221222 21:31:05.774" endtime="20221222 21:31:05.995"/>
</kw>
<kw name="Click Link" library="SeleniumLibrary">
<arg>id=new-customer</arg>
<doc>Clicks a link identified by ``locator``.</doc>
<msg timestamp="20221222 21:31:05.997" level="INFO">Clicking link 'id=new-customer'.</msg>
<status status="PASS" starttime="20221222 21:31:05.996" endtime="20221222 21:31:07.052"/>
</kw>
<kw name="Wait Until Page Contains" library="SeleniumLibrary">
<arg>Add Customer</arg>
<doc>Waits until ``text`` appears on the current page.</doc>
<status status="PASS" starttime="20221222 21:31:07.053" endtime="20221222 21:31:07.288"/>
</kw>
<kw name="Input Text" library="SeleniumLibrary">
<arg>id=EmailAddress</arg>
<arg>gauravabs@gmail.com</arg>
<doc>Types the given ``text`` into the text field identified by ``locator``.</doc>
<msg timestamp="20221222 21:31:07.290" level="INFO">Typing text 'gauravabs@gmail.com' into text field 'id=EmailAddress'.</msg>
<status status="PASS" starttime="20221222 21:31:07.289" endtime="20221222 21:31:08.139"/>
</kw>
<kw name="Input Text" library="SeleniumLibrary">
<arg>id=FirstName</arg>
<arg>Gaurav</arg>
<doc>Types the given ``text`` into the text field identified by ``locator``.</doc>
<msg timestamp="20221222 21:31:08.141" level="INFO">Typing text 'Gaurav' into text field 'id=FirstName'.</msg>
<status status="PASS" starttime="20221222 21:31:08.140" endtime="20221222 21:31:08.927"/>
</kw>
<kw name="Input Text" library="SeleniumLibrary">
<arg>id=LastName</arg>
<arg>ABS</arg>
<doc>Types the given ``text`` into the text field identified by ``locator``.</doc>
<msg timestamp="20221222 21:31:08.929" level="INFO">Typing text 'ABS' into text field 'id=LastName'.</msg>
<status status="PASS" starttime="20221222 21:31:08.928" endtime="20221222 21:31:09.712"/>
</kw>
<kw name="Input Text" library="SeleniumLibrary">
<arg>id=City</arg>
<arg>Barcelona</arg>
<doc>Types the given ``text`` into the text field identified by ``locator``.</doc>
<msg timestamp="20221222 21:31:09.714" level="INFO">Typing text 'Barcelona' into text field 'id=City'.</msg>
<status status="PASS" starttime="20221222 21:31:09.713" endtime="20221222 21:31:10.551"/>
</kw>
<kw name="Select From List By Value" library="SeleniumLibrary">
<arg>id=StateOrRegion</arg>
<arg>TX</arg>
<doc>Selects options from selection list ``locator`` by ``values``.</doc>
<msg timestamp="20221222 21:31:10.553" level="INFO">Selecting options from selection list 'id=StateOrRegion' by value TX.</msg>
<status status="PASS" starttime="20221222 21:31:10.552" endtime="20221222 21:31:12.372"/>
</kw>
<kw name="Select Radio Button" library="SeleniumLibrary">
<arg>gender</arg>
<arg>female</arg>
<doc>Sets the radio button group ``group_name`` to ``value``.</doc>
<msg timestamp="20221222 21:31:12.373" level="INFO">Selecting 'female' from radio button 'gender'.</msg>
<status status="PASS" starttime="20221222 21:31:12.373" endtime="20221222 21:31:13.108"/>
</kw>
<kw name="Select Checkbox" library="SeleniumLibrary">
<arg>name=promos-name</arg>
<doc>Selects the checkbox identified by ``locator``.</doc>
<msg timestamp="20221222 21:31:13.111" level="INFO">Selecting checkbox 'name=promos-name'.</msg>
<status status="PASS" starttime="20221222 21:31:13.109" endtime="20221222 21:31:14.428"/>
</kw>
<kw name="Click Button" library="SeleniumLibrary">
<arg>Submit</arg>
<doc>Clicks the button identified by ``locator``.</doc>
<msg timestamp="20221222 21:31:14.430" level="INFO">Clicking button 'Submit'.</msg>
<status status="PASS" starttime="20221222 21:31:14.429" endtime="20221222 21:31:15.679"/>
</kw>
<kw name="Wait Until Page Contains" library="SeleniumLibrary">
<arg>Success! New customer added.</arg>
<doc>Waits until ``text`` appears on the current page.</doc>
<status status="PASS" starttime="20221222 21:31:15.680" endtime="20221222 21:31:15.912"/>
</kw>
<kw name="Sleep" library="BuiltIn">
<arg>3s</arg>
<doc>Pauses the test executed for the given time.</doc>
<msg timestamp="20221222 21:31:18.915" level="INFO">Slept 3 seconds</msg>
<status status="PASS" starttime="20221222 21:31:15.913" endtime="20221222 21:31:18.915"/>
</kw>
<kw name="Close Browser" library="SeleniumLibrary">
<doc>Closes the current browser.</doc>
<status status="PASS" starttime="20221222 21:31:18.920" endtime="20221222 21:31:21.361"/>
</kw>
<doc>This is some basic info about the test</doc>
<tag>1006</tag>
<tag>Contacts</tag>
<tag>Smoke</tag>
<status status="PASS" starttime="20221222 21:30:57.383" endtime="20221222 21:31:21.363"/>
</test>
<doc>This is some basic info about the whole suite</doc>
<status status="PASS" starttime="20221222 21:30:56.835" endtime="20221222 21:31:21.369"/>
</suite>
<statistics>
<total>
<stat pass="1" fail="0" skip="0">All Tests</stat>
</total>
<tag>
<stat pass="1" fail="0" skip="0">1006</stat>
<stat pass="1" fail="0" skip="0">Contacts</stat>
<stat pass="1" fail="0" skip="0">Smoke</stat>
</tag>
<suite>
<stat pass="1" fail="0" skip="0" id="s1" name="Crm">Crm</stat>
</suite>
</statistics>
<errors>
</errors>
</robot>
